<?xml version="1.0" encoding="UTF-8"?>
<!-- Generated by org.testng.reporters.JUnitReportReporter -->
<testsuite hostname="DESKTOP-D3NB5O6" failures="0" tests="3" name="BeforeMethodTestNG" time="11.855" errors="0" timestamp="2023-06-08T12:05:14 IST" skipped="0">
  <testcase classname="BeforeMethodTestNG" name="Facebook" time="3.507"/>
  <system-out/>
  <testcase classname="BeforeMethodTestNG" name="Instagram" time="4.283"/>
  <system-out/>
  <testcase classname="BeforeMethodTestNG" name="Google" time="4.065"/>
  <system-out/>
</testsuite> <!-- BeforeMethodTestNG -->
