<?xml version="1.0" encoding="UTF-8"?>
<!-- Generated by org.testng.reporters.JUnitReportReporter -->
<testsuite hostname="DESKTOP-D3NB5O6" failures="0" tests="1" name="TestNG3" time="9.638" errors="0" timestamp="2023-06-05T22:41:03 IST" skipped="0">
  <testcase classname="TestNG3" name="Display" time="9.638"/>
  <system-out/>
</testsuite> <!-- TestNG3 -->
