<?xml version="1.0" encoding="UTF-8"?>
<!-- Generated by org.testng.reporters.JUnitReportReporter -->
<testsuite hostname="DESKTOP-D3NB5O6" failures="0" tests="3" name="Class1NG" time="0.014" errors="0" timestamp="2023-06-16T00:04:59 IST" skipped="0">
  <testcase classname="Class1NG" name="addItem" time="0.005"/>
  <system-out/>
  <testcase classname="Class1NG" name="addVendor" time="0.005"/>
  <system-out/>
  <testcase classname="Class1NG" name="addPayment" time="0.004"/>
  <system-out/>
</testsuite> <!-- Class1NG -->
