<?xml version="1.0" encoding="UTF-8"?>
<!-- Generated by org.testng.reporters.JUnitReportReporter -->
<testsuite hostname="DESKTOP-D3NB5O6" failures="0" tests="3" name="NewDemo" time="0.024" errors="0" timestamp="2023-06-23T22:07:55 IST" skipped="0">
  <testcase classname="NewDemo" name="addItem" time="0.014"/>
  <system-out/>
  <testcase classname="NewDemo" name="addVendor" time="0.006"/>
  <system-out/>
  <testcase classname="NewDemo" name="addPayment" time="0.004"/>
  <system-out/>
</testsuite> <!-- NewDemo -->
