<?xml version="1.0" encoding="UTF-8"?>
<!-- Generated by org.testng.reporters.JUnitReportReporter -->
<testsuite hostname="DESKTOP-D3NB5O6" failures="0" tests="2" name="TestNGALL" time="0.021" errors="0" timestamp="2023-06-13T02:37:00 IST" skipped="0">
  <testcase classname="TestNGALL" name="test1" time="0.016"/>
  <system-out/>
  <testcase classname="TestNGALL" name="test2" time="0.005"/>
  <system-out/>
</testsuite> <!-- TestNGALL -->
