<?xml version="1.0" encoding="UTF-8"?>
<!-- Generated by org.testng.reporters.JUnitReportReporter -->
<testsuite hostname="DESKTOP-D3NB5O6" failures="0" tests="2" name="CNG" time="4.888" errors="0" timestamp="2023-06-16T00:04:59 IST" skipped="0">
  <testcase classname="CNG" name="facebook" time="2.567"/>
  <system-out/>
  <testcase classname="CNG" name="google" time="2.321"/>
  <system-out/>
</testsuite> <!-- CNG -->
