<?xml version="1.0" encoding="UTF-8"?>
<!-- Generated by org.testng.reporters.JUnitReportReporter -->
<testsuite hostname="DESKTOP-D3NB5O6" failures="0" tests="2" name="Practice" time="2.910" errors="0" timestamp="2023-06-23T21:39:07 IST" skipped="0">
  <testcase classname="Practice" name="google" time="1.459"/>
  <system-out/>
  <testcase classname="Practice" name="facebook" time="1.451"/>
  <system-out/>
</testsuite> <!-- Practice -->
