<?xml version="1.0" encoding="UTF-8"?>
<!-- Generated by org.testng.reporters.JUnitReportReporter -->
<testsuite hostname="DESKTOP-D3NB5O6" failures="0" tests="4" name="TestNGpractice" time="9.036" errors="0" timestamp="2023-06-13T02:35:31 IST" skipped="0">
  <testcase classname="TestNGpractice" name="mainURL3" time="1.263"/>
  <system-out/>
  <testcase classname="TestNGpractice" name="mainURL2" time="1.322"/>
  <system-out/>
  <testcase classname="TestNGpractice" name="mainURL1" time="2.957"/>
  <system-out/>
  <testcase classname="TestNGpractice" name="URL" time="3.494"/>
  <system-out/>
</testsuite> <!-- TestNGpractice -->
