<?xml version="1.0" encoding="UTF-8"?>
<!-- Generated by org.testng.reporters.JUnitReportReporter -->
<testsuite hostname="DESKTOP-D3NB5O6" failures="0" tests="2" name="Practice1" time="13.911" errors="0" timestamp="2023-06-16T00:04:59 IST" skipped="0">
  <testcase classname="Practice1" name="t1" time="5.581"/>
  <system-out/>
  <testcase classname="Practice1" name="t2" time="8.330"/>
  <system-out/>
</testsuite> <!-- Practice1 -->
