<?xml version="1.0" encoding="UTF-8"?>
<!-- Generated by org.testng.reporters.JUnitReportReporter -->
<testsuite hostname="DESKTOP-D3NB5O6" failures="0" tests="3" name="Class2NG" time="0.010" errors="0" timestamp="2023-06-16T00:04:59 IST" skipped="0">
  <testcase classname="Class2NG" name="deleteItem" time="0.004"/>
  <system-out/>
  <testcase classname="Class2NG" name="deleteVendor" time="0.002"/>
  <system-out/>
  <testcase classname="Class2NG" name="deletePayment" time="0.004"/>
  <system-out/>
</testsuite> <!-- Class2NG -->
